Сборка начата 21.02.2024 11:52:49.
Уровень детализации журнала: Normal.     1>Проект "D:\лабы\2 курс\Математическое программирование\Labs\Lab_03\Vetvi\Vetvi.vcxproj" в узле 2 (целевые объекты Build).
     1>PrepareForBuild:
         Структурированный вывод включен. Форматирование диагностики компилятора будет отражать иерархию ошибок. Подробнее см. https://aka.ms/cpp/structured-output.
       InitializeBuildStatus:
         Создание "x64\Debug\Vetvi.tlog\unsuccessfulbuild", так как было задано "AlwaysCreate".
         Обращение к "x64\Debug\Vetvi.tlog\unsuccessfulbuild".
       ClCompile:
         C:\Program Files\Microsoft Visual Studio\2022\Community\VC\Tools\MSVC\14.38.33130\bin\HostX64\x64\CL.exe /c /ZI /JMC /nologo /W3 /WX- /diagnostics:column /sdl /Od /D _DEBUG /D _CONSOLE /D _UNICODE /D UNICODE /Gm- /EHsc /RTC1 /MDd /GS /fp:precise /Zc:wchar_t /Zc:forScope /Zc:inline /permissive- /Fo"x64\Debug\\" /Fd"x64\Debug\vc143.pdb" /external:W3 /Gd /TP /FC /errorReport:prompt Source.cpp
         Source.cpp
     1>D:\лабы\2 курс\Математическое программирование\Labs\Lab_03\Vetvi\Source.cpp(253): warning C4715: solve: значение возвращается не при всех путях выполнения
       Link:
         C:\Program Files\Microsoft Visual Studio\2022\Community\VC\Tools\MSVC\14.38.33130\bin\HostX64\x64\link.exe /ERRORREPORT:PROMPT /OUT:"D:\лабы\2 курс\Математическое программирование\Labs\Lab_03\x64\Debug\Vetvi.exe" /INCREMENTAL /ILK:"x64\Debug\Vetvi.ilk" /NOLOGO kernel32.lib user32.lib gdi32.lib winspool.lib comdlg32.lib advapi32.lib shell32.lib ole32.lib oleaut32.lib uuid.lib odbc32.lib odbccp32.lib /MANIFEST /MANIFESTUAC:"level='asInvoker' uiAccess='false'" /manifest:embed /DEBUG /PDB:"D:\лабы\2 курс\Математическое программирование\Labs\Lab_03\x64\Debug\Vetvi.pdb" /SUBSYSTEM:CONSOLE /TLBID:1 /DYNAMICBASE /NXCOMPAT /IMPLIB:"D:\лабы\2 курс\Математическое программирование\Labs\Lab_03\x64\Debug\Vetvi.lib" /MACHINE:X64 x64\Debug\Source.obj
         Vetvi.vcxproj -> D:\лабы\2 курс\Математическое программирование\Labs\Lab_03\x64\Debug\Vetvi.exe
       FinalizeBuildStatus:
         Файл "x64\Debug\Vetvi.tlog\unsuccessfulbuild" удаляется.
         Обращение к "x64\Debug\Vetvi.tlog\Vetvi.lastbuildstate".
     1>Сборка проекта "D:\лабы\2 курс\Математическое программирование\Labs\Lab_03\Vetvi\Vetvi.vcxproj" завершена (целевые объекты Build).

Сборка успешно завершена.

       "D:\лабы\2 курс\Математическое программирование\Labs\Lab_03\Vetvi\Vetvi.vcxproj" (целевой объект Build ) (1) ->
       (Целевой объект ClCompile) -> 
         D:\лабы\2 курс\Математическое программирование\Labs\Lab_03\Vetvi\Source.cpp(253): warning C4715: solve: значение возвращается не при всех путях выполнения

    Предупреждений: 1
    Ошибок: 0

Прошло времени 00:00:00.57
