Сборка начата 15.02.2024 12:37:49.
Уровень детализации журнала: Normal.     1>Проект "D:\лабы\матпрога\lab2\lab2\lab2\lab2.vcxproj" в узле 2 (целевые объекты Build).
     1>PrepareForBuild:
         Структурированный вывод включен. Форматирование диагностики компилятора будет отражать иерархию ошибок. Подробнее см. https://aka.ms/cpp/structured-output.
       InitializeBuildStatus:
         Создание "x64\Debug\task1.tlog\unsuccessfulbuild", так как было задано "AlwaysCreate".
         Обращение к "x64\Debug\task1.tlog\unsuccessfulbuild".
       ClCompile:
         C:\Program Files\Microsoft Visual Studio\2022\Community\VC\Tools\MSVC\14.38.33130\bin\HostX64\x64\CL.exe /c /ZI /JMC /nologo /W3 /WX- /diagnostics:column /sdl /Od /D _DEBUG /D _CONSOLE /D _UNICODE /D UNICODE /Gm- /EHsc /RTC1 /MDd /GS /fp:precise /Zc:wchar_t /Zc:forScope /Zc:inline /permissive- /Fo"x64\Debug\\" /Fd"x64\Debug\vc143.pdb" /external:W3 /Gd /TP /FC /errorReport:prompt Combi.cpp
         Combi.cpp
     1>D:\лабы\матпрога\lab2\lab2\lab2\Combi.cpp(35,67): warning C4334: <<: результат 32-разрядного смещения неявно преобразуется в 64-разрядное значение (предполагалось 64-разрядное смещение?)
       Link:
         C:\Program Files\Microsoft Visual Studio\2022\Community\VC\Tools\MSVC\14.38.33130\bin\HostX64\x64\link.exe /ERRORREPORT:PROMPT /OUT:"D:\лабы\матпрога\lab2\lab2\x64\Debug\task1.exe" /INCREMENTAL /ILK:"x64\Debug\task1.ilk" /NOLOGO kernel32.lib user32.lib gdi32.lib winspool.lib comdlg32.lib advapi32.lib shell32.lib ole32.lib oleaut32.lib uuid.lib odbc32.lib odbccp32.lib /MANIFEST /MANIFESTUAC:"level='asInvoker' uiAccess='false'" /manifest:embed /DEBUG /PDB:"D:\лабы\матпрога\lab2\lab2\x64\Debug\task1.pdb" /SUBSYSTEM:CONSOLE /TLBID:1 /DYNAMICBASE /NXCOMPAT /IMPLIB:"D:\лабы\матпрога\lab2\lab2\x64\Debug\task1.lib" /MACHINE:X64 x64\Debug\Combi.obj
         x64\Debug\main.obj
         lab2.vcxproj -> D:\лабы\матпрога\lab2\lab2\x64\Debug\task1.exe
       FinalizeBuildStatus:
         Файл "x64\Debug\task1.tlog\unsuccessfulbuild" удаляется.
         Обращение к "x64\Debug\task1.tlog\task1.lastbuildstate".
     1>Сборка проекта "D:\лабы\матпрога\lab2\lab2\lab2\lab2.vcxproj" завершена (целевые объекты Build).

Сборка успешно завершена.

       "D:\лабы\матпрога\lab2\lab2\lab2\lab2.vcxproj" (целевой объект Build ) (1) ->
       (Целевой объект ClCompile) -> 
         D:\лабы\матпрога\lab2\lab2\lab2\Combi.cpp(35,67): warning C4334: <<: результат 32-разрядного смещения неявно преобразуется в 64-разрядное значение (предполагалось 64-разрядное смещение?)

    Предупреждений: 1
    Ошибок: 0

Прошло времени 00:00:00.47
