Сборка начата 15.02.2024 13:28:25.
Уровень детализации журнала: Normal.     1>Проект "D:\лабы\матпрога\lab2\lab2\task5\task5.vcxproj" в узле 2 (целевые объекты Build).
     1>PrepareForBuild:
         Структурированный вывод включен. Форматирование диагностики компилятора будет отражать иерархию ошибок. Подробнее см. https://aka.ms/cpp/structured-output.
       InitializeBuildStatus:
         Обращение к "x64\Debug\task5.tlog\unsuccessfulbuild".
       ClCompile:
         Для всех выходных данных обновления не требуется.
       Link:
         C:\Program Files\Microsoft Visual Studio\2022\Community\VC\Tools\MSVC\14.38.33130\bin\HostX64\x64\link.exe /ERRORREPORT:PROMPT /OUT:"D:\лабы\матпрога\lab2\lab2\x64\Debug\task5.exe" /INCREMENTAL /ILK:"x64\Debug\task5.ilk" /NOLOGO kernel32.lib user32.lib gdi32.lib winspool.lib comdlg32.lib advapi32.lib shell32.lib ole32.lib oleaut32.lib uuid.lib odbc32.lib odbccp32.lib /MANIFEST /MANIFESTUAC:"level='asInvoker' uiAccess='false'" /manifest:embed /DEBUG /PDB:"D:\лабы\матпрога\lab2\lab2\x64\Debug\task5.pdb" /SUBSYSTEM:CONSOLE /TLBID:1 /DYNAMICBASE /NXCOMPAT /IMPLIB:"D:\лабы\матпрога\lab2\lab2\x64\Debug\task5.lib" /MACHINE:X64 x64\Debug\Boat.obj
         x64\Debug\main.obj
     1>LINK : fatal error LNK1168: не удается открыть D:\лабы\матпрога\lab2\lab2\x64\Debug\task5.exe для записи
     1>Сборка проекта "D:\лабы\матпрога\lab2\lab2\task5\task5.vcxproj" завершена (целевые объекты Build) с ошибкой.

Ошибка сборки.

       "D:\лабы\матпрога\lab2\lab2\task5\task5.vcxproj" (целевой объект Build ) (1) ->
       (Целевой объект Link) -> 
         LINK : fatal error LNK1168: не удается открыть D:\лабы\матпрога\lab2\lab2\x64\Debug\task5.exe для записи

    Предупреждений: 0
    Ошибок: 1

Прошло времени 00:00:00.06
