Сборка начата 06.03.2024 10:19:58.
Уровень детализации журнала: Normal.     1>Проект "D:\лабы\матпрога\lab4\MP_Lab_4_Dynamic_Programming\MP_Lab_4_Dynamic_Programming\MP_Lab_4_Dynamic_Programming.vcxproj" в узле 2 (целевые объекты Build).
     1>PrepareForBuild:
         Структурированный вывод включен. Форматирование диагностики компилятора будет отражать иерархию ошибок. Подробнее см. https://aka.ms/cpp/structured-output.
       InitializeBuildStatus:
         Создание "x64\Debug\MP_Lab_4.bcacc237.tlog\unsuccessfulbuild", так как было задано "AlwaysCreate".
         Обращение к "x64\Debug\MP_Lab_4.bcacc237.tlog\unsuccessfulbuild".
       ClCompile:
         C:\Program Files\Microsoft Visual Studio\2022\Community\VC\Tools\MSVC\14.38.33130\bin\HostX64\x64\CL.exe /c /ZI /JMC /nologo /W3 /WX- /diagnostics:column /sdl /Od /D _DEBUG /D _CONSOLE /D _UNICODE /D UNICODE /Gm- /EHsc /RTC1 /MDd /GS /fp:precise /Zc:wchar_t /Zc:forScope /Zc:inline /permissive- /Fo"x64\Debug\\" /Fd"x64\Debug\vc143.pdb" /external:W3 /Gd /TP /FC /errorReport:prompt main.cpp
         main.cpp
       Link:
         C:\Program Files\Microsoft Visual Studio\2022\Community\VC\Tools\MSVC\14.38.33130\bin\HostX64\x64\link.exe /ERRORREPORT:PROMPT /OUT:"D:\лабы\матпрога\lab4\MP_Lab_4_Dynamic_Programming\x64\Debug\MP_Lab_4_Dynamic_Programming.exe" /INCREMENTAL /ILK:"x64\Debug\MP_Lab_4_Dynamic_Programming.ilk" /NOLOGO kernel32.lib user32.lib gdi32.lib winspool.lib comdlg32.lib advapi32.lib shell32.lib ole32.lib oleaut32.lib uuid.lib odbc32.lib odbccp32.lib /MANIFEST /MANIFESTUAC:"level='asInvoker' uiAccess='false'" /manifest:embed /DEBUG /PDB:"D:\лабы\матпрога\lab4\MP_Lab_4_Dynamic_Programming\x64\Debug\MP_Lab_4_Dynamic_Programming.pdb" /SUBSYSTEM:CONSOLE /TLBID:1 /DYNAMICBASE /NXCOMPAT /IMPLIB:"D:\лабы\матпрога\lab4\MP_Lab_4_Dynamic_Programming\x64\Debug\MP_Lab_4_Dynamic_Programming.lib" /MACHINE:X64 x64\Debug\LCH.obj
         x64\Debug\LCS.obj
         x64\Debug\Levenshtein.obj
         x64\Debug\main.obj
         x64\Debug\MultyMatrix.obj
         x64\Debug\strGenerate.obj
         MP_Lab_4_Dynamic_Programming.vcxproj -> D:\лабы\матпрога\lab4\MP_Lab_4_Dynamic_Programming\x64\Debug\MP_Lab_4_Dynamic_Programming.exe
       FinalizeBuildStatus:
         Файл "x64\Debug\MP_Lab_4.bcacc237.tlog\unsuccessfulbuild" удаляется.
         Обращение к "x64\Debug\MP_Lab_4.bcacc237.tlog\MP_Lab_4_Dynamic_Programming.lastbuildstate".
     1>Сборка проекта "D:\лабы\матпрога\lab4\MP_Lab_4_Dynamic_Programming\MP_Lab_4_Dynamic_Programming\MP_Lab_4_Dynamic_Programming.vcxproj" завершена (целевые объекты Build).

Сборка успешно завершена.
    Предупреждений: 0
    Ошибок: 0

Прошло времени 00:00:00.76
