Сборка начата 07.03.2024 19:48:19.
Уровень детализации журнала: Normal.     1>Проект "D:\лабы\ОКГ\lab3\Lab02\Lab02\Lab02\Lab02.vcxproj" в узле 2 (целевые объекты Build).
     1>PrepareForBuild:
         Структурированный вывод включен. Форматирование диагностики компилятора будет отражать иерархию ошибок. Подробнее см. https://aka.ms/cpp/structured-output.
       InitializeBuildStatus:
         Создание "x64\Debug\Lab02.tlog\unsuccessfulbuild", так как было задано "AlwaysCreate".
         Обращение к "x64\Debug\Lab02.tlog\unsuccessfulbuild".
       ClCompile:
         C:\Program Files\Microsoft Visual Studio\2022\Community\VC\Tools\MSVC\14.38.33130\bin\HostX64\x64\CL.exe /c /ZI /JMC /nologo /W3 /WX- /diagnostics:column /sdl /Od /D _WINDOWS /D _DEBUG /D _UNICODE /D UNICODE /D _AFXDLL /Gm- /EHsc /RTC1 /MDd /GS /fp:precise /Zc:wchar_t /Zc:forScope /Zc:inline /Fo"x64\Debug\\" /Fd"x64\Debug\vc143.pdb" /external:W3 /Gd /TP /FC /errorReport:prompt ChildView.cpp
         ChildView.cpp
         _WIN32_WINNT not defined. Defaulting to _WIN32_WINNT_MAXVER (see WinSDKVer.h)
     1>D:\лабы\ОКГ\lab3\Lab02\Lab02\Lab02\ChildView.cpp(85,8): warning C4244: инициализация: преобразование "double" в "int", возможна потеря данных
     1>D:\лабы\ОКГ\lab3\Lab02\Lab02\Lab02\ChildView.cpp(112,8): warning C4244: инициализация: преобразование "double" в "int", возможна потеря данных
     1>D:\лабы\ОКГ\lab3\Lab02\Lab02\Lab02\ChildView.cpp(164,49): warning C4244: аргумент: преобразование "const double" в "int", возможна потеря данных
     1>D:\лабы\ОКГ\lab3\Lab02\Lab02\Lab02\ChildView.cpp(164,36): warning C4244: аргумент: преобразование "const double" в "int", возможна потеря данных
     1>D:\лабы\ОКГ\lab3\Lab02\Lab02\Lab02\ChildView.cpp(164,25): warning C4244: аргумент: преобразование "const double" в "int", возможна потеря данных
     1>D:\лабы\ОКГ\lab3\Lab02\Lab02\Lab02\ChildView.cpp(164,13): warning C4244: аргумент: преобразование "const double" в "int", возможна потеря данных
       ResourceCompile:
         Для всех выходных данных обновления не требуется.
       Link:
         C:\Program Files\Microsoft Visual Studio\2022\Community\VC\Tools\MSVC\14.38.33130\bin\HostX64\x64\link.exe /ERRORREPORT:PROMPT /OUT:"D:\лабы\ОКГ\lab3\Lab02\Lab02\x64\Debug\Lab02.exe" /INCREMENTAL /ILK:"x64\Debug\Lab02.ilk" /NOLOGO /MANIFEST /MANIFESTUAC:"level='asInvoker' uiAccess='false'" /manifest:embed /manifestinput:"C:\Program Files\Microsoft Visual Studio\2022\Community\VC\Tools\MSVC\14.38.33130\Include\Manifest\dpiaware.manifest" /DEBUG:FULL /PDB:"D:\лабы\ОКГ\lab3\Lab02\Lab02\x64\Debug\Lab02.pdb" /SUBSYSTEM:WINDOWS /TLBID:1 /ENTRY:"wWinMainCRTStartup" /DYNAMICBASE /NXCOMPAT /IMPLIB:"D:\лабы\ОКГ\lab3\Lab02\Lab02\x64\Debug\Lab02.lib" /MACHINE:X64 x64\Debug\lab2.res
         x64\Debug\ChildView.obj
         x64\Debug\CMatrix.obj
         x64\Debug\Lab02.obj
         x64\Debug\LibChart2D.obj
         x64\Debug\MainFrm.obj
         Lab02.vcxproj -> D:\лабы\ОКГ\lab3\Lab02\Lab02\x64\Debug\Lab02.exe
       FinalizeBuildStatus:
         Файл "x64\Debug\Lab02.tlog\unsuccessfulbuild" удаляется.
         Обращение к "x64\Debug\Lab02.tlog\Lab02.lastbuildstate".
     1>Сборка проекта "D:\лабы\ОКГ\lab3\Lab02\Lab02\Lab02\Lab02.vcxproj" завершена (целевые объекты Build).

Сборка успешно завершена.

       "D:\лабы\ОКГ\lab3\Lab02\Lab02\Lab02\Lab02.vcxproj" (целевой объект Build ) (1) ->
       (Целевой объект ClCompile) -> 
         D:\лабы\ОКГ\lab3\Lab02\Lab02\Lab02\ChildView.cpp(85,8): warning C4244: инициализация: преобразование "double" в "int", возможна потеря данных
         D:\лабы\ОКГ\lab3\Lab02\Lab02\Lab02\ChildView.cpp(112,8): warning C4244: инициализация: преобразование "double" в "int", возможна потеря данных
         D:\лабы\ОКГ\lab3\Lab02\Lab02\Lab02\ChildView.cpp(164,49): warning C4244: аргумент: преобразование "const double" в "int", возможна потеря данных
         D:\лабы\ОКГ\lab3\Lab02\Lab02\Lab02\ChildView.cpp(164,36): warning C4244: аргумент: преобразование "const double" в "int", возможна потеря данных
         D:\лабы\ОКГ\lab3\Lab02\Lab02\Lab02\ChildView.cpp(164,25): warning C4244: аргумент: преобразование "const double" в "int", возможна потеря данных
         D:\лабы\ОКГ\lab3\Lab02\Lab02\Lab02\ChildView.cpp(164,13): warning C4244: аргумент: преобразование "const double" в "int", возможна потеря данных

    Предупреждений: 6
    Ошибок: 0

Прошло времени 00:00:01.85
