d:\labs\okg\lab_08\lab01\x64\debug\vc143.pdb
d:\labs\okg\lab_08\lab01\x64\debug\vc143.idb
d:\labs\okg\lab_08\lab01\x64\debug\mainfrm.obj
d:\labs\okg\lab_08\lab01\x64\debug\lab06.obj
d:\labs\okg\lab_08\lab01\x64\debug\childview.obj
d:\labs\okg\lab_08\lab01\x64\debug\lab06.pch
d:\labs\okg\lab_08\lab01\x64\debug\stdafx.obj
d:\labs\okg\lab_08\lab01\x64\debug\libsurface.obj
d:\labs\okg\lab_08\lab01\x64\debug\libgraph.obj
d:\labs\okg\lab_08\lab01\x64\debug\cmatrix.obj
d:\labs\okg\lab_08\x64\debug\lab06.exe
d:\labs\okg\lab_08\x64\debug\lab06.pdb
d:\labs\okg\lab_08\lab01\x64\debug\lab01.res
d:\labs\okg\lab_08\lab01\x64\debug\lab06.ilk
d:\labs\okg\lab_08\lab01\x64\debug\lab06.tlog\cl.command.1.tlog
d:\labs\okg\lab_08\lab01\x64\debug\lab06.tlog\cl.items.tlog
d:\labs\okg\lab_08\lab01\x64\debug\lab06.tlog\cl.read.1.tlog
d:\labs\okg\lab_08\lab01\x64\debug\lab06.tlog\cl.write.1.tlog
d:\labs\okg\lab_08\lab01\x64\debug\lab06.tlog\link.command.1.tlog
d:\labs\okg\lab_08\lab01\x64\debug\lab06.tlog\link.read.1.tlog
d:\labs\okg\lab_08\lab01\x64\debug\lab06.tlog\link.secondary.1.tlog
d:\labs\okg\lab_08\lab01\x64\debug\lab06.tlog\link.write.1.tlog
d:\labs\okg\lab_08\lab01\x64\debug\lab06.tlog\rc.command.1.tlog
d:\labs\okg\lab_08\lab01\x64\debug\lab06.tlog\rc.read.1.tlog
d:\labs\okg\lab_08\lab01\x64\debug\lab06.tlog\rc.write.1.tlog
