Сборка начата 16.05.2024 20:11:01.
Уровень детализации журнала: Normal.     1>Проект "D:\лабы\ОКГ\Lab09\Lab06\Lab06.vcxproj" в узле 2 (целевые объекты Build).
     1>C:\Program Files\Microsoft Visual Studio\2022\Community\MSBuild\Microsoft\VC\v170\Microsoft.CppBuild.targets(531,5): warning MSB8028: промежуточный каталог (Debug\) содержит файлы, которые используются совместно с другим проектом (Lab06.vcxproj).  Это может привести к ошибкам очистки и перестроения.
         Структурированный вывод включен. Форматирование диагностики компилятора будет отражать иерархию ошибок. Подробнее см. https://aka.ms/cpp/structured-output.
     1>InitializeBuildStatus:
         Создание "Debug\Lab09.tlog\unsuccessfulbuild", так как было задано "AlwaysCreate".
         Обращение к "Debug\Lab09.tlog\unsuccessfulbuild".
       ClCompile:
         C:\Program Files\Microsoft Visual Studio\2022\Community\VC\Tools\MSVC\14.38.33130\bin\HostX86\x86\CL.exe /c /ZI /JMC /nologo /W3 /WX- /diagnostics:column /sdl /Od /Oy- /D WIN32 /D _DEBUG /D _WINDOWS /D _UNICODE /D UNICODE /D _AFXDLL /Gm- /EHsc /RTC1 /MDd /GS /fp:precise /Zc:wchar_t /Zc:forScope /Zc:inline /Fo"Debug\\" /Fd"Debug\vc143.pdb" /external:W3 /Gd /TP /analyze- /FC /errorReport:prompt main.cpp
         main.cpp
         _WIN32_WINNT not defined. Defaulting to _WIN32_WINNT_MAXVER (see WinSDKVer.h)
       ResourceCompile:
         Для всех выходных данных обновления не требуется.
       Link:
         C:\Program Files\Microsoft Visual Studio\2022\Community\VC\Tools\MSVC\14.38.33130\bin\HostX86\x86\link.exe /ERRORREPORT:PROMPT /OUT:"D:\лабы\ОКГ\Lab09\Debug\Lab09.exe" /INCREMENTAL /ILK:"Debug\Lab09.ilk" /NOLOGO /MANIFEST /MANIFESTUAC:"level='asInvoker' uiAccess='false'" /manifest:embed /manifestinput:"C:\Program Files\Microsoft Visual Studio\2022\Community\VC\Tools\MSVC\14.38.33130\Include\Manifest\dpiaware.manifest" /DEBUG /PDB:"D:\лабы\ОКГ\Lab09\Debug\Lab09.pdb" /SUBSYSTEM:WINDOWS /TLBID:1 /ENTRY:"wWinMainCRTStartup" /DYNAMICBASE /NXCOMPAT /IMPLIB:"D:\лабы\ОКГ\Lab09\Debug\Lab09.lib" /MACHINE:X86 Debug\Lab06.res
         Debug\CMatrix.obj
         Debug\main.obj
         Lab06.vcxproj -> D:\лабы\ОКГ\Lab09\Debug\Lab09.exe
       FinalizeBuildStatus:
         Файл "Debug\Lab09.tlog\unsuccessfulbuild" удаляется.
         Обращение к "Debug\Lab09.tlog\Lab09.lastbuildstate".
     1>Сборка проекта "D:\лабы\ОКГ\Lab09\Lab06\Lab06.vcxproj" завершена (целевые объекты Build).

Сборка успешно завершена.

       "D:\лабы\ОКГ\Lab09\Lab06\Lab06.vcxproj" (целевой объект Build ) (1) ->
       (Целевой объект PrepareForBuild) -> 
         C:\Program Files\Microsoft Visual Studio\2022\Community\MSBuild\Microsoft\VC\v170\Microsoft.CppBuild.targets(531,5): warning MSB8028: промежуточный каталог (Debug\) содержит файлы, которые используются совместно с другим проектом (Lab06.vcxproj).  Это может привести к ошибкам очистки и перестроения.

    Предупреждений: 1
    Ошибок: 0

Прошло времени 00:00:02.18
