Сборка начата 16.05.2024 20:41:27.
Уровень детализации журнала: Normal.     1>Проект "D:\лабы\ОКГ\lab_11\Lab01\Lab01.vcxproj" в узле 2 (целевые объекты Build).
     1>PrepareForBuild:
         Структурированный вывод включен. Форматирование диагностики компилятора будет отражать иерархию ошибок. Подробнее см. https://aka.ms/cpp/structured-output.
       InitializeBuildStatus:
         Создание "x64\Debug\Lab09.tlog\unsuccessfulbuild", так как было задано "AlwaysCreate".
         Обращение к "x64\Debug\Lab09.tlog\unsuccessfulbuild".
       ClCompile:
         Для всех выходных данных обновления не требуется.
         C:\Program Files\Microsoft Visual Studio\2022\Community\VC\Tools\MSVC\14.38.33130\bin\HostX64\x64\CL.exe /c /ZI /JMC /nologo /W3 /WX- /diagnostics:column /sdl /Od /D _WINDOWS /D _DEBUG /D _UNICODE /D UNICODE /D _AFXDLL /Gm- /EHsc /RTC1 /MDd /GS /fp:precise /Zc:wchar_t /Zc:forScope /Zc:inline /Yu"stdafx.h" /Fp"x64\Debug\Lab09.pch" /Fo"x64\Debug\\" /Fd"x64\Debug\vc143.pdb" /external:W3 /Gd /TP /FC /errorReport:prompt LibGraph.cpp
         LibGraph.cpp
     1>D:\лабы\ОКГ\lab_11\Lab01\LibGraph.cpp(112,8): warning C4244: инициализация: преобразование "double" в "int", возможна потеря данных
         (компиляция исходного файла "/LibGraph.cpp")
         
     1>D:\лабы\ОКГ\lab_11\Lab01\LibGraph.cpp(114,9): warning C4244: инициализация: преобразование "double" в "int", возможна потеря данных
         (компиляция исходного файла "/LibGraph.cpp")
         
       ResourceCompile:
         Для всех выходных данных обновления не требуется.
       Link:
         C:\Program Files\Microsoft Visual Studio\2022\Community\VC\Tools\MSVC\14.38.33130\bin\HostX64\x64\link.exe /ERRORREPORT:PROMPT /OUT:"D:\лабы\ОКГ\lab_11\x64\Debug\Lab09.exe" /INCREMENTAL /ILK:"x64\Debug\Lab09.ilk" /NOLOGO /MANIFEST /MANIFESTUAC:"level='asInvoker' uiAccess='false'" /manifest:embed /manifestinput:"C:\Program Files\Microsoft Visual Studio\2022\Community\VC\Tools\MSVC\14.38.33130\Include\Manifest\dpiaware.manifest" /DEBUG:FULL /PDB:"D:\лабы\ОКГ\lab_11\x64\Debug\Lab09.pdb" /SUBSYSTEM:WINDOWS /TLBID:1 /ENTRY:"wWinMainCRTStartup" /DYNAMICBASE /NXCOMPAT /IMPLIB:"D:\лабы\ОКГ\lab_11\x64\Debug\Lab09.lib" /MACHINE:X64 x64\Debug\Lab01.res
         x64\Debug\ChildView.obj
         x64\Debug\CMatrix.obj
         x64\Debug\Lab09.obj
         x64\Debug\LibGraph.obj
         x64\Debug\MainFrm.obj
         x64\Debug\stdafx.obj
         Lab01.vcxproj -> D:\лабы\ОКГ\lab_11\x64\Debug\Lab09.exe
       FinalizeBuildStatus:
         Файл "x64\Debug\Lab09.tlog\unsuccessfulbuild" удаляется.
         Обращение к "x64\Debug\Lab09.tlog\Lab09.lastbuildstate".
     1>Сборка проекта "D:\лабы\ОКГ\lab_11\Lab01\Lab01.vcxproj" завершена (целевые объекты Build).

Сборка успешно завершена.

       "D:\лабы\ОКГ\lab_11\Lab01\Lab01.vcxproj" (целевой объект Build ) (1) ->
       (Целевой объект ClCompile) -> 
         D:\лабы\ОКГ\lab_11\Lab01\LibGraph.cpp(112,8): warning C4244: инициализация: преобразование "double" в "int", возможна потеря данных
         D:\лабы\ОКГ\lab_11\Lab01\LibGraph.cpp(114,9): warning C4244: инициализация: преобразование "double" в "int", возможна потеря данных

    Предупреждений: 2
    Ошибок: 0

Прошло времени 00:00:00.65
