Сборка начата 14.02.2024 23:24:35.
Уровень детализации журнала: Normal.     1>Проект "D:\лабы\матпрога\lab1\lab1\lab1\lab1.vcxproj" в узле 2 (целевые объекты Build).
     1>PrepareForBuild:
         Структурированный вывод включен. Форматирование диагностики компилятора будет отражать иерархию ошибок. Подробнее см. https://aka.ms/cpp/structured-output.
       InitializeBuildStatus:
         Обращение к "Debug\lab1.tlog\unsuccessfulbuild".
       ClCompile:
         Для всех выходных данных обновления не требуется.
       Link:
         C:\Program Files\Microsoft Visual Studio\2022\Community\VC\Tools\MSVC\14.38.33130\bin\HostX86\x86\link.exe /ERRORREPORT:PROMPT /OUT:"D:\лабы\матпрога\lab1\lab1\Debug\lab1.exe" /INCREMENTAL /ILK:"Debug\lab1.ilk" /NOLOGO kernel32.lib user32.lib gdi32.lib winspool.lib comdlg32.lib advapi32.lib shell32.lib ole32.lib oleaut32.lib uuid.lib odbc32.lib odbccp32.lib /MANIFEST /MANIFESTUAC:"level='asInvoker' uiAccess='false'" /manifest:embed /DEBUG /PDB:"D:\лабы\матпрога\lab1\lab1\Debug\lab1.pdb" /SUBSYSTEM:CONSOLE /TLBID:1 /DYNAMICBASE /NXCOMPAT /IMPLIB:"D:\лабы\матпрога\lab1\lab1\Debug\lab1.lib" /MACHINE:X86 Debug\Auxil.obj
         Debug\main.obj
         lab1.vcxproj -> D:\лабы\матпрога\lab1\lab1\Debug\lab1.exe
       FinalizeBuildStatus:
         Файл "Debug\lab1.tlog\unsuccessfulbuild" удаляется.
         Обращение к "Debug\lab1.tlog\lab1.lastbuildstate".
     1>Сборка проекта "D:\лабы\матпрога\lab1\lab1\lab1\lab1.vcxproj" завершена (целевые объекты Build).

Сборка успешно завершена.
    Предупреждений: 0
    Ошибок: 0

Прошло времени 00:00:00.10
